make all --print-data-base --no-builtin-variables --no-builtin-rules --question
# GNU Make 3.81
# Copyright (C) 2006  Free Software Foundation, Inc.
# This is free software; see the source for copying conditions.
# There is NO warranty; not even for MERCHANTABILITY or FITNESS FOR A
# PARTICULAR PURPOSE.

# This program built for i386-apple-darwin11.3.0
 

# Make data base, printed on Sun May 29 18:21:26 2022

# Variables

# automatic
<D = $(patsubst %/,%,$(dir $<))
# automatic
?F = $(notdir $?)
# environment
VSCODE_LOG_NATIVE = false
# automatic
?D = $(patsubst %/,%,$(dir $?))
# automatic
@D = $(patsubst %/,%,$(dir $@))
# automatic
@F = $(notdir $@)
# makefile
CURDIR := /Users/yanghaipeng/Desktop/go/src/cmdb
# makefile
SHELL = /bin/sh
# makefile (from `Makefile', line 6)
MOD_DIR := /Users/yanghaipeng/go/pkg/mod
# environment
VSCODE_NLS_CONFIG = {"locale":"zh-cn","availableLanguages":{"*":"zh-cn"},"_languagePackId":"42e84e0914b17800d483f69e299e1b00.zh-cn","_translationsConfigFile":"/Users/yanghaipeng/Library/Application Support/Code/clp/42e84e0914b17800d483f69e299e1b00.zh-cn/tcf.json","_cacheRoot":"/Users/yanghaipeng/Library/Application Support/Code/clp/42e84e0914b17800d483f69e299e1b00.zh-cn","_resolvedLanguagePackCoreLocation":"/Users/yanghaipeng/Library/Application Support/Code/clp/42e84e0914b17800d483f69e299e1b00.zh-cn/c3511e6c69bb39013c4a4b7b9566ec1ca73fc4d5","_corruptedFile":"/Users/yanghaipeng/Library/Application Support/Code/clp/42e84e0914b17800d483f69e299e1b00.zh-cn/corrupted.info","_languagePackSupport":true}
# environment
_ = /usr/bin/make
# makefile (from `Makefile', line 4)
IMAGE_PREFIX := "github.com/coolgix/cmdb"
# makefile (from `Makefile', line 1)
MAKEFILE_LIST :=  Makefile
# environment
VSCODE_AMD_ENTRYPOINT = vs/workbench/api/node/extensionHostProcess
# environment
VSCODE_VERBOSE_LOGGING = true
# environment
__CFBundleIdentifier = com.microsoft.VSCode
# environment
INFOPATH = /opt/homebrew/share/info:
# makefile (from `Makefile', line 11)
MCUBE_VERSION := v1.8.12
# makefile (from `Makefile', line 15)
BUILD_COMMIT := 67645e55502e0dd89f13d97dab8d19a41f6f713a
# environment
VSCODE_IPC_HOOK_EXTHOST = /var/folders/4x/r01f3jzx2q39025s6f75srrc0000gn/T/vscode-ipc-4831b3c9-a012-416d-9b7d-e0f14a79fb66.sock
# environment
VSCODE_CWD = /
# environment
GOPROXY = https://goproxy.io,direct
# environment
PATH = /opt/homebrew/bin:/opt/homebrew/sbin:/usr/local/bin:/usr/bin:/bin:/usr/sbin:/sbin:/usr/local/go/bin:/Library/Apple/usr/bin:/Applications/Wireshark.app/Contents/MacOS
# environment
LSCOLORS = Gxfxcxdxbxegedabagacad
# environment
GOPATH = /Users/yanghaipeng/go
# makefile (from `Makefile', line 7)
PKG_LIST := github.com/coolgix/cmdb github.com/coolgix/cmdb/apps/all github.com/coolgix/cmdb/apps/book github.com/coolgix/cmdb/apps/book/api github.com/coolgix/cmdb/apps/book/impl github.com/coolgix/cmdb/client github.com/coolgix/cmdb/cmd github.com/coolgix/cmdb/conf github.com/coolgix/cmdb/protocol github.com/coolgix/cmdb/swagger github.com/coolgix/cmdb/version
# environment
VSCODE_LOG_STACK = false
# environment
ELECTRON_RUN_AS_NODE = 1
# environment
JAVA_8_HOME = /usr/libexec/java_home
# default
.FEATURES := target-specific order-only second-expansion else-if archives jobserver check-symlink
# environment
SSH_AUTH_SOCK = /private/tmp/com.apple.launchd.ZhKRqqiecO/Listeners
# automatic
%F = $(notdir $%)
# environment
VSCODE_PIPE_LOGGING = true
# environment
PWD = /Users/yanghaipeng/Desktop/go/src/cmdb
# makefile (from `Makefile', line 18)
VERSION_PATH := ""github.com/coolgix/cmdb"/version"
# environment
HOMEBREW_CELLAR = /opt/homebrew/Cellar
# makefile (from `Makefile', line 3)
PKG := "github.com/coolgix/cmdb"
# environment
ORIGINAL_XDG_CURRENT_DESKTOP = undefined
# environment
MANPATH = /opt/homebrew/share/man::
# environment
GOMODCACHE = /Users/yanghaipeng/go/pkg/mod
# environment
HOME = /Users/yanghaipeng
# default
MAKEFILEPATH = $(shell /usr/bin/xcode-select -print-path 2>/dev/null || echo /Developer)/Makefiles
# environment
VSCODE_CODE_CACHE_PATH = /Users/yanghaipeng/Library/Application Support/Code/CachedData/c3511e6c69bb39013c4a4b7b9566ec1ca73fc4d5
# environment
LOGNAME = yanghaipeng
# environment
APPLICATION_INSIGHTS_NO_DIAGNOSTIC_CHANNEL = 1
# environment
ZSH = /Users/yanghaipeng/.oh-my-zsh
# environment
VSCODE_HANDLES_UNCAUGHT_ERRORS = true
# automatic
^D = $(patsubst %/,%,$(dir $^))
# environment
XPC_FLAGS = 0x0
# default
MAKE = $(MAKE_COMMAND)
# default
MAKECMDGOALS := all
# environment
SHLVL = 1
# default
MAKE_VERSION := 3.81
# environment
USER = yanghaipeng
# makefile
.DEFAULT_GOAL := all
# environment
HOMEBREW_BOTTLE_DOMAIN = https://mirrors.ustc.edu.cn/homebrew-bottles
# environment
LESS = -R
# automatic
%D = $(patsubst %/,%,$(dir $%))
# makefile (from `Makefile', line 2)
MAIN_FILE_PAHT := "main.go"
# default
MAKE_COMMAND := /Library/Developer/CommandLineTools/usr/bin/make
# default
.VARIABLES := 
# environment
TMPDIR = /var/folders/4x/r01f3jzx2q39025s6f75srrc0000gn/T/
# automatic
*F = $(notdir $*)
# environment
VSCODE_IPC_HOOK = /Users/yanghaipeng/Library/Application Support/Code/1.67.2-main.sock
# makefile (from `Makefile', line 16)
BUILD_TIME := 2022-05-29 18:21:26
# makefile
MAKEFLAGS = Rrqp
# environment
MFLAGS = -Rrqp
# automatic
*D = $(patsubst %/,%,$(dir $*))
# environment
XPC_SERVICE_NAME = application.com.microsoft.VSCode.66319988.66319994
# makefile (from `Makefile', line 17)
BUILD_GO_VERSION := go1.18.2 darwin/arm64
# environment
HOMEBREW_PREFIX = /opt/homebrew
# automatic
+D = $(patsubst %/,%,$(dir $+))
# automatic
+F = $(notdir $+)
# environment
HOMEBREW_REPOSITORY = /opt/homebrew
# environment
__CF_USER_TEXT_ENCODING = 0x1F5:0x19:0x34
# environment
COMMAND_MODE = unix2003
# default
MAKEFILES := 
# automatic
<F = $(notdir $<)
# makefile (from `Makefile', line 1)
PROJECT_NAME := "cmdb"
# environment
PAGER = less
# environment
LC_ALL = C
# automatic
^F = $(notdir $^)
# makefile (from `Makefile', line 10)
MCUBE_MODULE := "github.com/infraboard/mcube"
# makefile (from `Makefile', line 12)
MCUBE_PKG_PATH := /Users/yanghaipeng/go/pkg/mod/"github.com/infraboard/mcube"@v1.8.12
# default
SUFFIXES := 
# default
.INCLUDE_DIRS = /usr/local/include
# makefile (from `Makefile', line 8)
GO_FILES := ./cmd/start.go ./cmd/init.go ./cmd/root.go ./swagger/docs.go ./protocol/grpc.go ./protocol/http.go ./version/version.go ./conf/log.go ./conf/config.go ./conf/load.go ./apps/all/internal.go ./apps/all/api.go ./apps/all/impl.go ./apps/book/impl/book.go ./apps/book/impl/dao.go ./apps/book/impl/impl.go ./apps/book/impl/sql.go ./apps/book/book.pb.go ./apps/book/book_grpc.pb.go ./apps/book/app.go ./apps/book/api/book.go ./apps/book/api/http.go ./client/config.go ./client/client.go ./main.go
# environment
MAKELEVEL := 0
# environment
LANG = C
# makefile (from `Makefile', line 14)
BUILD_BRANCH := master
# environment
VSCODE_PID = 82816
# variable set hash-table stats:
# Load=91/1024=9%, Rehash=0, Collisions=2/139=1%

# Pattern-specific Variable Values

# No pattern-specific variable values.

# Directories

# . (device 16777231, inode 67267288): 22 files, no impossibilities.

# 22 files, no impossibilities in 1 directories.

# Implicit Rules

# No implicit rules.

# Files

all: build
#  Phony target (prerequisite of .PHONY).
#  Command-line target.
#  Implicit rule search has not been done.
#  File does not exist.
#  File has been updated.
#  Needs to be updated (-q is set).
# variable set hash-table stats:
# Load=0/32=0%, Rehash=0, Collisions=0/2=0%

.PHONY: all dep lint vet test test-coverage build clean
#  Implicit rule search has not been done.
#  Modification time never checked.
#  File has not been updated.

test-coverage:
#  Phony target (prerequisite of .PHONY).
#  Implicit rule search has not been done.
#  File does not exist.
#  File has not been updated.
#  commands to execute (from `Makefile', line 37):
	@go test -short -coverprofile cover.out -covermode=atomic ${PKG_LIST} 
	@cat cover.out >> coverage.txt
	

# Not a target:
.SUFFIXES:
#  Implicit rule search has not been done.
#  Modification time never checked.
#  File has not been updated.

# Not a target:
Makefile:
#  Implicit rule search has been done.
#  Last modified 2022-05-29 18:21:16
#  File has been updated.
#  Successfully updated.
# variable set hash-table stats:
# Load=0/32=0%, Rehash=0, Collisions=0/0=0%

test:
#  Phony target (prerequisite of .PHONY).
#  Implicit rule search has not been done.
#  File does not exist.
#  File has not been updated.
#  commands to execute (from `Makefile', line 34):
 
	@go test -short ${PKG_LIST}
	

gen:
#  Implicit rule search has not been done.
#  Modification time never checked.
#  File has not been updated.
#  commands to execute (from `Makefile', line 68):
	@protoc -I=. -I=common/pb --go_out=. --go_opt=module=${PKG} --go-grpc_out=. --go-grpc_opt=module=${PKG} apps/*/pb/*.proto
	@go fmt ./...
	@protoc-go-inject-tag -input=apps/*/*.pb.go
	@mcube generate enum -p -m apps/*/*.pb.go
	

dep:
#  Phony target (prerequisite of .PHONY).
#  Implicit rule search has not been done.
#  Implicit/static pattern stem: `'
#  File does not exist.
#  File has been updated.
#  Needs to be updated (-q is set).
# automatic
# @ := dep
# automatic
# % := 
# automatic
# * := 
# automatic
# + := 
# automatic
# | := 
# automatic
# < := 
# automatic
# ^ := 
# automatic
# ? := 
# variable set hash-table stats:
# Load=8/32=25%, Rehash=0, Collisions=1/10=10%
#  commands to execute (from `Makefile', line 25):
	@go mod tidy
	

build: dep
#  Phony target (prerequisite of .PHONY).
#  Implicit rule search has not been done.
#  File does not exist.
#  File has been updated.
#  Needs to be updated (-q is set).
# variable set hash-table stats:
# Load=0/32=0%, Rehash=0, Collisions=0/2=0%
#  commands to execute (from `Makefile', line 41):
	@go build -a -o dist/${OUTPUT_NAME} -ldflags "-s -w" -ldflags "-X '${VERSION_PATH}.GIT_BRANCH=${BUILD_BRANCH}' -X '${VERSION_PATH}.GIT_COMMIT=${BUILD_COMMIT}' -X '${VERSION_PATH}.BUILD_TIME=${BUILD_TIME}' -X '${VERSION_PATH}.GO_VERSION=${BUILD_GO_VERSION}'" ${MAIN_FILE}
	

vet:
#  Phony target (prerequisite of .PHONY).
#  Implicit rule search has not been done.
#  File does not exist.
#  File has not been updated.
#  commands to execute (from `Makefile', line 31):
	@go vet ${PKG_LIST}
	

help:
#  Implicit rule search has not been done.
#  Modification time never checked.
#  File has not been updated.
#  commands to execute (from `Makefile', line 76):
	@grep -h -E '^[a-zA-Z_-]+:.*?## .*$$' $(MAKEFILE_LIST) | awk 'BEGIN {FS = ":.*?## "}; {printf "\033[36m%-30s\033[0m %s\n", $$1, $$2}'
	

pb:
#  Implicit rule search has not been done.
#  Modification time never checked.
#  File has not been updated.
#  commands to execute (from `Makefile', line 63):
	@mkdir -pv common/pb/github.com/infraboard/mcube/pb
	@cp -r ${MCUBE_PKG_PATH}/pb/* common/pb/github.com/infraboard/mcube/pb
	@sudo rm -rf common/pb/github.com/infraboard/mcube/pb/*/*.go
	

# Not a target:
.DEFAULT:
#  Implicit rule search has not been done.
#  Modification time never checked.
#  File has not been updated.

run: install dep
#  Implicit rule search has not been done.
#  Modification time never checked.
#  File has not been updated.
#  commands to execute (from `Makefile', line 50):
	@go run main.go start
	

clean:
#  Phony target (prerequisite of .PHONY).
#  Implicit rule search has not been done.
#  File does not exist.
#  File has not been updated.
#  commands to execute (from `Makefile', line 53):
	@go clean .
	@rm -f dist/${PROJECT_NAME}
	

init: dep
#  Implicit rule search has not been done.
#  Modification time never checked.
#  File has not been updated.
#  commands to execute (from `Makefile', line 47):
	@go run main.go init
	

linux: dep
#  Implicit rule search has not been done.
#  Modification time never checked.
#  File has not been updated.
#  commands to execute (from `Makefile', line 44):
	@GOOS=linux GOARCH=amd64 go build -a -o dist/${OUTPUT_NAME} -ldflags "-s -w" -ldflags "-X '${VERSION_PATH}.GIT_BRANCH=${BUILD_BRANCH}' -X '${VERSION_PATH}.GIT_COMMIT=${BUILD_COMMIT}' -X '${VERSION_PATH}.BUILD_TIME=${BUILD_TIME}' -X '${VERSION_PATH}.GO_VERSION=${BUILD_GO_VERSION}'" ${MAIN_FILE}
	

lint:
#  Phony target (prerequisite of .PHONY).
#  Implicit rule search has not been done.
#  File does not exist.
#  File has not been updated.
#  commands to execute (from `Makefile', line 28):
	@golint -set_exit_status ${PKG_LIST}
	

install:
#  Implicit rule search has not been done.
#  Modification time never checked.
#  File has not been updated.
#  commands to execute (from `Makefile', line 57):
	@go install github.com/infraboard/mcube/cmd/mcube@latest
	@go install google.golang.org/protobuf/cmd/protoc-gen-go@latest
	@go install google.golang.org/grpc/cmd/protoc-gen-go-grpc@latest
	@go install github.com/favadi/protoc-go-inject-tag@latest
	

# files hash-table stats:
# Load=19/1024=2%, Rehash=0, Collisions=0/47=0%
# VPATH Search Paths

# No `vpath' search paths.

# No general (`VPATH' variable) search path.

# # of strings in strcache: 1
# # of strcache buffers: 1
# strcache size: total = 4096 / max = 4096 / min = 4096 / avg = 4096
# strcache free: total = 4087 / max = 4087 / min = 4087 / avg = 4087

# Finished Make data base on Sun May 29 18:21:27 2022

 
